TN:
SF:src/app.js
FN:32,(anonymous_0)
FNF:1
FNH:0
FNDA:0,(anonymous_0)
DA:1,4
DA:2,4
DA:3,4
DA:5,4
DA:6,4
DA:7,4
DA:8,4
DA:10,4
DA:12,4
DA:15,4
DA:22,4
DA:24,4
DA:25,4
DA:27,4
DA:28,4
DA:29,4
DA:30,4
DA:32,4
DA:34,4
LF:19
LH:19
BRF:0
BRH:0
end_of_record
TN:
SF:src/server.js
FN:5,(anonymous_0)
FNF:1
FNH:0
FNDA:0,(anonymous_0)
DA:1,0
DA:2,0
DA:4,0
DA:5,0
DA:6,0
LF:5
LH:0
BRDA:4,0,0,0
BRDA:4,0,1,0
BRF:2
BRH:0
end_of_record
TN:
SF:src/controllers/authController.js
FN:5,(anonymous_0)
FN:24,(anonymous_1)
FNF:2
FNH:2
FNDA:6,(anonymous_0)
FNDA:5,(anonymous_1)
DA:1,4
DA:2,4
DA:3,4
DA:5,4
DA:6,6
DA:7,6
DA:8,6
DA:9,1
DA:11,5
DA:12,5
DA:13,1
DA:15,4
DA:16,4
DA:18,4
DA:20,0
DA:24,4
DA:25,5
DA:26,5
DA:27,5
DA:28,0
DA:30,5
DA:31,5
DA:32,0
DA:34,5
DA:35,5
DA:36,5
DA:37,1
DA:39,4
DA:45,4
DA:47,0
DA:51,4
LF:31
LH:27
BRDA:8,0,0,1
BRDA:8,0,1,5
BRDA:8,1,0,6
BRDA:8,1,1,5
BRDA:8,1,2,5
BRDA:12,2,0,1
BRDA:12,2,1,4
BRDA:27,3,0,0
BRDA:27,3,1,5
BRDA:27,4,0,5
BRDA:27,4,1,5
BRDA:31,5,0,0
BRDA:31,5,1,5
BRDA:36,6,0,1
BRDA:36,6,1,4
BRF:15
BRH:13
end_of_record
TN:
SF:src/controllers/bookingController.js
FN:6,(anonymous_0)
FN:60,(anonymous_1)
FN:74,(anonymous_2)
FN:106,(anonymous_3)
FNF:4
FNH:3
FNDA:7,(anonymous_0)
FNDA:1,(anonymous_1)
FNDA:0,(anonymous_2)
FNDA:1,(anonymous_3)
DA:1,4
DA:3,4
DA:4,4
DA:6,4
DA:7,7
DA:8,7
DA:9,7
DA:11,7
DA:12,1
DA:15,6
DA:16,6
DA:17,6
DA:18,6
DA:20,6
DA:21,1
DA:23,5
DA:24,5
DA:25,0
DA:27,5
DA:28,5
DA:29,5
DA:30,0
DA:33,5
DA:34,1
DA:37,4
DA:38,4
DA:41,4
DA:42,2
DA:43,1
DA:47,4
DA:51,4
DA:53,4
DA:55,0
DA:60,4
DA:61,1
DA:62,1
DA:68,1
DA:70,0
DA:74,4
DA:75,0
DA:76,0
DA:77,0
DA:80,0
DA:85,0
DA:86,0
DA:88,0
DA:91,0
DA:92,0
DA:95,0
DA:98,0
DA:100,0
DA:102,0
DA:106,4
DA:107,1
DA:108,1
DA:109,1
DA:112,1
DA:117,1
DA:118,1
DA:120,0
DA:123,0
DA:124,0
DA:127,0
DA:129,0
DA:131,0
DA:135,4
LF:66
LH:43
BRDA:11,0,0,1
BRDA:11,0,1,6
BRDA:11,1,0,7
BRDA:11,1,1,7
BRDA:11,1,2,6
BRDA:20,2,0,1
BRDA:20,2,1,5
BRDA:24,3,0,0
BRDA:24,3,1,5
BRDA:29,4,0,0
BRDA:29,4,1,5
BRDA:33,5,0,1
BRDA:33,5,1,4
BRDA:37,6,0,0
BRDA:37,6,1,4
BRDA:41,7,0,2
BRDA:41,7,1,2
BRDA:42,8,0,1
BRDA:42,8,1,1
BRDA:85,9,0,0
BRDA:85,9,1,0
BRDA:91,10,0,0
BRDA:91,10,1,0
BRDA:117,11,0,1
BRDA:117,11,1,0
BRDA:123,12,0,0
BRDA:123,12,1,0
BRF:27
BRH:17
end_of_record
TN:
SF:src/controllers/carController.js
FN:3,(anonymous_0)
FN:15,(anonymous_1)
FN:26,(anonymous_2)
FNF:3
FNH:3
FNDA:3,(anonymous_0)
FNDA:74,(anonymous_1)
FNDA:2,(anonymous_2)
DA:1,4
DA:3,4
DA:4,3
DA:5,3
DA:6,3
DA:7,3
DA:9,3
DA:10,3
DA:12,3
DA:15,74
DA:20,3
DA:22,0
DA:26,4
DA:27,2
DA:28,2
DA:29,2
DA:30,1
DA:31,1
DA:33,0
DA:37,4
LF:20
LH:18
BRDA:9,0,0,1
BRDA:9,0,1,2
BRDA:10,1,0,1
BRDA:10,1,1,2
BRDA:17,2,0,0
BRDA:17,2,1,74
BRDA:29,3,0,1
BRDA:29,3,1,1
BRF:8
BRH:7
end_of_record
TN:
SF:src/controllers/staffCarController.js
FN:4,(anonymous_0)
FN:14,(anonymous_1)
FN:38,(anonymous_2)
FN:63,(anonymous_3)
FN:89,(anonymous_4)
FNF:5
FNH:3
FNDA:1,(anonymous_0)
FNDA:2,(anonymous_1)
FNDA:3,(anonymous_2)
FNDA:0,(anonymous_3)
FNDA:0,(anonymous_4)
DA:1,4
DA:4,4
DA:5,1
DA:6,1
DA:7,1
DA:9,0
DA:14,4
DA:15,2
DA:16,2
DA:19,2
DA:20,1
DA:23,1
DA:28,1
DA:33,0
DA:38,4
DA:39,3
DA:40,3
DA:41,3
DA:43,3
DA:44,1
DA:47,2
DA:52,2
DA:53,1
DA:56,1
DA:58,0
DA:63,4
DA:64,0
DA:65,0
DA:68,0
DA:73,0
DA:74,0
DA:77,0
DA:79,0
DA:80,0
DA:83,0
DA:85,0
DA:89,4
DA:90,0
DA:91,0
DA:92,0
DA:95,0
DA:96,0
DA:99,0
DA:104,0
DA:105,0
DA:108,0
DA:110,0
DA:114,4
LF:48
LH:25
BRDA:19,0,0,1
BRDA:19,0,1,1
BRDA:19,1,0,2
BRDA:19,1,1,2
BRDA:19,1,2,2
BRDA:19,1,3,1
BRDA:19,1,4,1
BRDA:19,1,5,1
BRDA:25,2,0,1
BRDA:25,2,1,1
BRDA:25,3,0,1
BRDA:25,3,1,1
BRDA:43,4,0,1
BRDA:43,4,1,2
BRDA:43,5,0,3
BRDA:43,5,1,3
BRDA:43,5,2,2
BRDA:43,5,3,2
BRDA:43,5,4,2
BRDA:43,5,5,2
BRDA:49,6,0,1
BRDA:49,6,1,1
BRDA:49,7,0,2
BRDA:49,7,1,2
BRDA:49,8,0,2
BRDA:49,8,1,2
BRDA:52,9,0,1
BRDA:52,9,1,1
BRDA:73,10,0,0
BRDA:73,10,1,0
BRDA:79,11,0,0
BRDA:79,11,1,0
BRDA:95,12,0,0
BRDA:95,12,1,0
BRDA:95,13,0,0
BRDA:95,13,1,0
BRDA:104,14,0,0
BRDA:104,14,1,0
BRF:38
BRH:28
end_of_record
TN:
SF:src/controllers/staffController.js
FN:4,(anonymous_0)
FN:24,(anonymous_1)
FN:38,(anonymous_2)
FNF:3
FNH:3
FNDA:1,(anonymous_0)
FNDA:1,(anonymous_1)
FNDA:1,(anonymous_2)
DA:1,4
DA:4,4
DA:5,1
DA:6,1
DA:9,1
DA:13,1
DA:19,0
DA:24,4
DA:25,1
DA:26,1
DA:31,1
DA:33,0
DA:38,4
DA:39,1
DA:41,1
DA:44,1
DA:46,1
DA:48,0
DA:52,4
LF:19
LH:16
BRF:0
BRH:0
end_of_record
TN:
SF:src/database/db.js
FN:15,(anonymous_0)
FN:21,(anonymous_1)
FNF:2
FNH:2
FNDA:4,(anonymous_0)
FNDA:44,(anonymous_1)
DA:1,4
DA:2,4
DA:4,4
DA:15,4
DA:16,4
DA:17,4
DA:20,4
DA:21,44
DA:23,4
DA:24,0
DA:27,4
DA:28,0
DA:31,4
DA:32,4
DA:34,0
DA:38,4
DA:40,4
LF:17
LH:14
BRDA:5,0,0,4
BRDA:5,0,1,0
BRDA:6,1,0,4
BRDA:6,1,1,0
BRDA:7,2,0,4
BRDA:7,2,1,0
BRDA:8,3,0,4
BRDA:8,3,1,0
BRDA:9,4,0,4
BRDA:9,4,1,0
BRDA:23,5,0,0
BRDA:23,5,1,4
BRDA:27,6,0,0
BRDA:27,6,1,4
BRF:14
BRH:7
end_of_record
TN:
SF:src/middleware/authMiddleware.js
FN:3,(anonymous_0)
FNF:1
FNH:1
FNDA:24,(anonymous_0)
DA:1,4
DA:3,4
DA:4,24
DA:5,24
DA:7,19
DA:8,19
DA:9,19
DA:10,19
DA:12,0
DA:16,4
LF:10
LH:9
BRDA:5,0,0,5
BRDA:5,0,1,19
BRF:2
BRH:2
end_of_record
TN:
SF:src/routes/authRoutes.js
FNF:0
FNH:0
DA:1,4
DA:2,4
DA:3,4
DA:5,4
DA:6,4
DA:8,4
LF:6
LH:6
BRF:0
BRH:0
end_of_record
TN:
SF:src/routes/bookingRoutes.js
FNF:0
FNH:0
DA:1,4
DA:2,4
DA:3,4
DA:4,4
DA:6,4
DA:7,4
DA:8,4
DA:9,4
DA:11,4
LF:9
LH:9
BRF:0
BRH:0
end_of_record
TN:
SF:src/routes/carRoutes.js
FNF:0
FNH:0
DA:1,4
DA:2,4
DA:3,4
DA:5,4
DA:6,4
DA:8,4
LF:6
LH:6
BRF:0
BRH:0
end_of_record
TN:
SF:src/routes/staffRoutes.js
FN:8,(anonymous_0)
FN:8,(anonymous_1)
FNF:2
FNH:2
FNDA:32,(anonymous_0)
FNDA:10,(anonymous_1)
DA:1,4
DA:2,4
DA:3,4
DA:4,4
DA:5,4
DA:8,32
DA:9,10
DA:10,1
DA:12,9
DA:16,4
DA:17,4
DA:18,4
DA:21,4
DA:22,4
DA:23,4
DA:24,4
DA:25,4
DA:27,4
LF:18
LH:18
BRDA:9,0,0,1
BRDA:9,0,1,9
BRDA:9,1,0,10
BRDA:9,1,1,10
BRF:4
BRH:4
end_of_record
